<?xml version="1.0" encoding="UTF-8"?>
<!-- Generated by org.testng.reporters.JUnitReportReporter -->
<testsuite skipped="0" hostname="DESKTOP-MREL6UF" name="com.test.Test" tests="1" failures="0" timestamp="08 Feb 2022 08:07:22 GMT" time="13.511" errors="0">
  <testcase name="verify_search_hotel" time="13.511" classname="com.test.Test"/>
</testsuite> <!-- com.test.Test -->
